<!DOCTYPE html>

<html>
  <head>
  <meta charset='utf-8'>
  <title>TestNG reports</title>

    <link type="text/css" href="testng-reports1.css" rel="stylesheet" id="ultra" />
    <link type="text/css" href="testng-reports.css" rel="stylesheet" id="retro" disabled="false"/>
    <script type="text/javascript" src="jquery.min.js"></script>
    <script type="text/javascript" src="testng-reports.js"></script>
    <script type="text/javascript" src="https://www.google.com/jsapi"></script>
    <script type='text/javascript'>
      google.load('visualization', '1', {packages:['table']});
      google.setOnLoadCallback(drawTable);
      var suiteTableInitFunctions = new Array();
      var suiteTableData = new Array();
    </script>
    <!--
      <script type="text/javascript" src="jquery-ui/js/jquery-ui-1.8.16.custom.min.js"></script>
     -->
  </head>

  <body>
    <div class="top-banner-root">
      <span class="top-banner-title-font">Test results</span>
      <button id="button" class="button">Switch Retro Theme</button> <!-- button -->
      <br/>
      <span class="top-banner-font-1">1 suite, 4 failed tests</span>
    </div> <!-- top-banner-root -->
    <div class="navigator-root">
      <div class="navigator-suite-header">
        <span>All suites</span>
        <a href="#" title="Collapse/expand all the suites" class="collapse-all-link">
          <img src="collapseall.gif" class="collapse-all-icon">
          </img> <!-- collapse-all-icon -->
        </a> <!-- collapse-all-link -->
      </div> <!-- navigator-suite-header -->
      <div class="suite">
        <div class="rounded-window">
          <div class="suite-header light-rounded-window-top">
            <a href="#" panel-name="suite-Default_suite" class="navigator-link">
              <span class="suite-name border-failed">Default suite</span>
            </a> <!-- navigator-link -->
          </div> <!-- suite-header light-rounded-window-top -->
          <div class="navigator-suite-content">
            <div class="suite-section-title">
              <span>Info</span>
            </div> <!-- suite-section-title -->
            <div class="suite-section-content">
              <ul>
                <li>
                  <a href="#" panel-name="test-xml-Default_suite" class="navigator-link ">
                    <span>C:\Users\narin.LAPTOP-31URDJPT\AppData\Local\Temp\testng-eclipse--473494172\testng-customsuite.xml</span>
                  </a> <!-- navigator-link  -->
                </li>
                <li>
                  <a href="#" panel-name="testlist-Default_suite" class="navigator-link ">
                    <span class="test-stats">1 test</span>
                  </a> <!-- navigator-link  -->
                </li>
                <li>
                  <a href="#" panel-name="group-Default_suite" class="navigator-link ">
                    <span>0 groups</span>
                  </a> <!-- navigator-link  -->
                </li>
                <li>
                  <a href="#" panel-name="times-Default_suite" class="navigator-link ">
                    <span>Times</span>
                  </a> <!-- navigator-link  -->
                </li>
                <li>
                  <a href="#" panel-name="reporter-Default_suite" class="navigator-link ">
                    <span>Reporter output</span>
                  </a> <!-- navigator-link  -->
                </li>
                <li>
                  <a href="#" panel-name="ignored-methods-Default_suite" class="navigator-link ">
                    <span>Ignored methods</span>
                  </a> <!-- navigator-link  -->
                </li>
                <li>
                  <a href="#" panel-name="chronological-Default_suite" class="navigator-link ">
                    <span>Chronological view</span>
                  </a> <!-- navigator-link  -->
                </li>
              </ul>
            </div> <!-- suite-section-content -->
            <div class="result-section">
              <div class="suite-section-title">
                <span>Results</span>
              </div> <!-- suite-section-title -->
              <div class="suite-section-content">
                <ul>
                  <li>
                    <span class="method-stats">10 methods, 4 failed,   6 passed</span>
                  </li>
                  <li>
                    <span class="method-list-title failed">Failed methods</span>
                    <span class="show-or-hide-methods failed">
                      <a href="#" panel-name="suite-Default_suite" class="hide-methods failed suite-Default_suite"> (hide)</a> <!-- hide-methods failed suite-Default_suite -->
                      <a href="#" panel-name="suite-Default_suite" class="show-methods failed suite-Default_suite"> (show)</a> <!-- show-methods failed suite-Default_suite -->
                    </span>
                    <div class="method-list-content failed suite-Default_suite">
                      <span>
                        <img src="failed.png" width="3%"/>
                        <a href="#" panel-name="suite-Default_suite" title="DemoBlazeTests.TC_005_AddToCartTest" class="method navigator-link" hash-for-method="addToCartTest(ASUS Full HD, $230 *includes tax, Product added.)">addToCartTest(ASUS Full HD, $230 *includes tax, Product added.)</a> <!-- method navigator-link -->
                      </span>
                      <br/>
                      <span>
                        <img src="failed.png" width="3%"/>
                        <a href="#" panel-name="suite-Default_suite" title="DemoBlazeTests.TC_006_AddToCartandPurchase" class="method navigator-link" hash-for-method="addToCartTest(ASUS Full HD, $230 *includes tax, Product added., ASUS Full HD, Place order, Naresh Gupta, USA, Bost...)">addToCartTest(ASUS Full HD, $230 *includes tax, Product added., ASUS Full HD, Place order, Naresh Gupta, USA, Bost...)</a> <!-- method navigator-link -->
                      </span>
                      <br/>
                      <span>
                        <img src="failed.png" width="3%"/>
                        <a href="#" panel-name="suite-Default_suite" title="DemoBlazeTests.TC_002_DemoBlaze_Login_Test" class="method navigator-link" hash-for-method="logInTest(hjr@rj.com, Test4546, Welcome hjr@rj.com)">logInTest(hjr@rj.com, Test4546, Welcome hjr@rj.com)</a> <!-- method navigator-link -->
                      </span>
                      <br/>
                      <span>
                        <img src="failed.png" width="3%"/>
                        <a href="#" panel-name="suite-Default_suite" title="DemoBlazeTests.TC_002_DemoBlaze_Login_Test" class="method navigator-link" hash-for-method="logInTest(kk@mpk.com, Test1234, Welcome kk@mpk.com)">logInTest(kk@mpk.com, Test1234, Welcome kk@mpk.com)</a> <!-- method navigator-link -->
                      </span>
                      <br/>
                    </div> <!-- method-list-content failed suite-Default_suite -->
                  </li>
                  <li>
                    <span class="method-list-title passed">Passed methods</span>
                    <span class="show-or-hide-methods passed">
                      <a href="#" panel-name="suite-Default_suite" class="hide-methods passed suite-Default_suite"> (hide)</a> <!-- hide-methods passed suite-Default_suite -->
                      <a href="#" panel-name="suite-Default_suite" class="show-methods passed suite-Default_suite"> (show)</a> <!-- show-methods passed suite-Default_suite -->
                    </span>
                    <div class="method-list-content passed suite-Default_suite">
                      <span>
                        <img src="passed.png" width="3%"/>
                        <a href="#" panel-name="suite-Default_suite" title="DemoBlazeTests.TC_004_DemoBlaze_SendMSG_ContactUS" class="method navigator-link" hash-for-method="SendContactMsg(hjr@rj.com, hari, message from customer -  send refund)">SendContactMsg(hjr@rj.com, hari, message from customer -  send refund)</a> <!-- method navigator-link -->
                      </span>
                      <br/>
                      <span>
                        <img src="passed.png" width="3%"/>
                        <a href="#" panel-name="suite-Default_suite" title="DemoBlazeTests.TC_004_DemoBlaze_SendMSG_ContactUS" class="method navigator-link" hash-for-method="SendContactMsg(kk@mpk.com, naresh, message from customer naresh)">SendContactMsg(kk@mpk.com, naresh, message from customer naresh)</a> <!-- method navigator-link -->
                      </span>
                      <br/>
                      <span>
                        <img src="passed.png" width="3%"/>
                        <a href="#" panel-name="suite-Default_suite" title="DemoBlazeTests.TC_001_DemoBlaze_Signup_Test" class="method navigator-link" hash-for-method="signUpTest(kk@mpk.com, Test1234)">signUpTest(kk@mpk.com, Test1234)</a> <!-- method navigator-link -->
                      </span>
                      <br/>
                      <span>
                        <img src="passed.png" width="3%"/>
                        <a href="#" panel-name="suite-Default_suite" title="DemoBlazeTests.TC_003_DemoBlaze_SignupRandom_Test" class="method navigator-link" hash-for-method="signUpTest(Test1234)">signUpTest(Test1234)</a> <!-- method navigator-link -->
                      </span>
                      <br/>
                      <span>
                        <img src="passed.png" width="3%"/>
                        <a href="#" panel-name="suite-Default_suite" title="DemoBlazeTests.TC_003_DemoBlaze_SignupRandom_Test" class="method navigator-link" hash-for-method="signUpTest(Test4546)">signUpTest(Test4546)</a> <!-- method navigator-link -->
                      </span>
                      <br/>
                      <span>
                        <img src="passed.png" width="3%"/>
                        <a href="#" panel-name="suite-Default_suite" title="DemoBlazeTests.TC_001_DemoBlaze_Signup_Test" class="method navigator-link" hash-for-method="signUpTest(hjr@rj.com, Test4546)">signUpTest(hjr@rj.com, Test4546)</a> <!-- method navigator-link -->
                      </span>
                      <br/>
                    </div> <!-- method-list-content passed suite-Default_suite -->
                  </li>
                </ul>
              </div> <!-- suite-section-content -->
            </div> <!-- result-section -->
          </div> <!-- navigator-suite-content -->
        </div> <!-- rounded-window -->
      </div> <!-- suite -->
    </div> <!-- navigator-root -->
    <div class="wrapper">
      <div class="main-panel-root">
        <div panel-name="suite-Default_suite" class="panel Default_suite">
          <div class="suite-Default_suite-class-failed">
            <div class="main-panel-header rounded-window-top">
              <img src="failed.png"/>
              <span class="class-name">DemoBlazeTests.TC_006_AddToCartandPurchase</span>
            </div> <!-- main-panel-header rounded-window-top -->
            <div class="main-panel-content rounded-window-bottom">
              <div class="method">
                <div class="method-content">
                  <a name="addToCartTest(ASUS Full HD, $230 *includes tax, Product added., ASUS Full HD, Place order, Naresh Gupta, USA, Bost...)">
                  </a> <!-- addToCartTest(ASUS Full HD, $230 *includes tax, Product added., ASUS Full HD, Place order, Naresh Gupta, USA, Bost...) -->
                  <span class="method-name">addToCartTest</span>
                  <span class="parameters">(ASUS Full HD, $230 *includes tax, Product added., ASUS Full HD, Place order, Naresh Gupta, USA, Boston, 234567890, Jan, 2025, Thank you for your purchase!)</span>
                  <div class="stack-trace">java.lang.AssertionError: expected [true] but found [false]
	at org.testng.Assert.fail(Assert.java:99)
	at org.testng.Assert.failNotEquals(Assert.java:1037)
	at org.testng.Assert.assertTrue(Assert.java:45)
	at org.testng.Assert.assertTrue(Assert.java:55)
	at DemoBlazePages.DemoBlazeStorePage.GetAlertMSGandAccept(DemoBlazeStorePage.java:99)
	at DemoBlazeTests.TC_006_AddToCartandPurchase.addToCartTest(TC_006_AddToCartandPurchase.java:41)
	at java.base/jdk.internal.reflect.NativeMethodAccessorImpl.invoke0(Native Method)
	at java.base/jdk.internal.reflect.NativeMethodAccessorImpl.invoke(NativeMethodAccessorImpl.java:77)
	at java.base/jdk.internal.reflect.DelegatingMethodAccessorImpl.invoke(DelegatingMethodAccessorImpl.java:43)
	at java.base/java.lang.reflect.Method.invoke(Method.java:568)
	at org.testng.internal.MethodInvocationHelper.invokeMethod(MethodInvocationHelper.java:133)
	at org.testng.internal.TestInvoker.invokeMethod(TestInvoker.java:598)
	at org.testng.internal.TestInvoker.invokeTestMethod(TestInvoker.java:173)
	at org.testng.internal.MethodRunner.runInSequence(MethodRunner.java:46)
	at org.testng.internal.TestInvoker$MethodInvocationAgent.invoke(TestInvoker.java:824)
	at org.testng.internal.TestInvoker.invokeTestMethods(TestInvoker.java:146)
	at org.testng.internal.TestMethodWorker.invokeTestMethods(TestMethodWorker.java:146)
	at org.testng.internal.TestMethodWorker.run(TestMethodWorker.java:128)
	at java.base/java.util.ArrayList.forEach(ArrayList.java:1511)
	at org.testng.TestRunner.privateRun(TestRunner.java:794)
	at org.testng.TestRunner.run(TestRunner.java:596)
	at org.testng.SuiteRunner.runTest(SuiteRunner.java:377)
	at org.testng.SuiteRunner.runSequentially(SuiteRunner.java:371)
	at org.testng.SuiteRunner.privateRun(SuiteRunner.java:332)
	at org.testng.SuiteRunner.run(SuiteRunner.java:276)
	at org.testng.SuiteRunnerWorker.runSuite(SuiteRunnerWorker.java:53)
	at org.testng.SuiteRunnerWorker.run(SuiteRunnerWorker.java:96)
	at org.testng.TestNG.runSuitesSequentially(TestNG.java:1212)
	at org.testng.TestNG.runSuitesLocally(TestNG.java:1134)
	at org.testng.TestNG.runSuites(TestNG.java:1063)
	at org.testng.TestNG.run(TestNG.java:1031)
	at org.testng.remote.AbstractRemoteTestNG.run(AbstractRemoteTestNG.java:115)
	at org.testng.remote.RemoteTestNG.initAndRun(RemoteTestNG.java:251)
	at org.testng.remote.RemoteTestNG.main(RemoteTestNG.java:77)

</div> <!-- stack-trace -->
                </div> <!-- method-content -->
              </div> <!-- method -->
            </div> <!-- main-panel-content rounded-window-bottom -->
          </div> <!-- suite-Default_suite-class-failed -->
          <div class="suite-Default_suite-class-failed">
            <div class="main-panel-header rounded-window-top">
              <img src="failed.png"/>
              <span class="class-name">DemoBlazeTests.TC_005_AddToCartTest</span>
            </div> <!-- main-panel-header rounded-window-top -->
            <div class="main-panel-content rounded-window-bottom">
              <div class="method">
                <div class="method-content">
                  <a name="addToCartTest(ASUS Full HD, $230 *includes tax, Product added.)">
                  </a> <!-- addToCartTest(ASUS Full HD, $230 *includes tax, Product added.) -->
                  <span class="method-name">addToCartTest</span>
                  <span class="parameters">(ASUS Full HD, $230 *includes tax, Product added.)</span>
                  <div class="stack-trace">java.lang.AssertionError: expected [true] but found [false]
	at org.testng.Assert.fail(Assert.java:99)
	at org.testng.Assert.failNotEquals(Assert.java:1037)
	at org.testng.Assert.assertTrue(Assert.java:45)
	at org.testng.Assert.assertTrue(Assert.java:55)
	at DemoBlazePages.DemoBlazeStorePage.GetAlertMSGandAccept(DemoBlazeStorePage.java:99)
	at DemoBlazeTests.TC_005_AddToCartTest.addToCartTest(TC_005_AddToCartTest.java:40)
	at java.base/jdk.internal.reflect.NativeMethodAccessorImpl.invoke0(Native Method)
	at java.base/jdk.internal.reflect.NativeMethodAccessorImpl.invoke(NativeMethodAccessorImpl.java:77)
	at java.base/jdk.internal.reflect.DelegatingMethodAccessorImpl.invoke(DelegatingMethodAccessorImpl.java:43)
	at java.base/java.lang.reflect.Method.invoke(Method.java:568)
	at org.testng.internal.MethodInvocationHelper.invokeMethod(MethodInvocationHelper.java:133)
	at org.testng.internal.TestInvoker.invokeMethod(TestInvoker.java:598)
	at org.testng.internal.TestInvoker.invokeTestMethod(TestInvoker.java:173)
	at org.testng.internal.MethodRunner.runInSequence(MethodRunner.java:46)
	at org.testng.internal.TestInvoker$MethodInvocationAgent.invoke(TestInvoker.java:824)
	at org.testng.internal.TestInvoker.invokeTestMethods(TestInvoker.java:146)
	at org.testng.internal.TestMethodWorker.invokeTestMethods(TestMethodWorker.java:146)
	at org.testng.internal.TestMethodWorker.run(TestMethodWorker.java:128)
	at java.base/java.util.ArrayList.forEach(ArrayList.java:1511)
	at org.testng.TestRunner.privateRun(TestRunner.java:794)
	at org.testng.TestRunner.run(TestRunner.java:596)
	at org.testng.SuiteRunner.runTest(SuiteRunner.java:377)
	at org.testng.SuiteRunner.runSequentially(SuiteRunner.java:371)
	at org.testng.SuiteRunner.privateRun(SuiteRunner.java:332)
	at org.testng.SuiteRunner.run(SuiteRunner.java:276)
	at org.testng.SuiteRunnerWorker.runSuite(SuiteRunnerWorker.java:53)
	at org.testng.SuiteRunnerWorker.run(SuiteRunnerWorker.java:96)
	at org.testng.TestNG.runSuitesSequentially(TestNG.java:1212)
	at org.testng.TestNG.runSuitesLocally(TestNG.java:1134)
	at org.testng.TestNG.runSuites(TestNG.java:1063)
	at org.testng.TestNG.run(TestNG.java:1031)
	at org.testng.remote.AbstractRemoteTestNG.run(AbstractRemoteTestNG.java:115)
	at org.testng.remote.RemoteTestNG.initAndRun(RemoteTestNG.java:251)
	at org.testng.remote.RemoteTestNG.main(RemoteTestNG.java:77)

</div> <!-- stack-trace -->
                </div> <!-- method-content -->
              </div> <!-- method -->
            </div> <!-- main-panel-content rounded-window-bottom -->
          </div> <!-- suite-Default_suite-class-failed -->
          <div class="suite-Default_suite-class-failed">
            <div class="main-panel-header rounded-window-top">
              <img src="failed.png"/>
              <span class="class-name">DemoBlazeTests.TC_002_DemoBlaze_Login_Test</span>
            </div> <!-- main-panel-header rounded-window-top -->
            <div class="main-panel-content rounded-window-bottom">
              <div class="method">
                <div class="method-content">
                  <a name="logInTest(hjr@rj.com, Test4546, Welcome hjr@rj.com)">
                  </a> <!-- logInTest(hjr@rj.com, Test4546, Welcome hjr@rj.com) -->
                  <span class="method-name">logInTest</span>
                  <span class="parameters">(hjr@rj.com, Test4546, Welcome hjr@rj.com)</span>
                  <div class="stack-trace">java.lang.IllegalArgumentException: Cannot find elements when the XPath is null.
	at org.openqa.selenium.internal.Require$ArgumentChecker.nonNull(Require.java:207)
	at org.openqa.selenium.By$ByXPath.&lt;init&gt;(By.java:287)
	at org.openqa.selenium.By.xpath(By.java:89)
	at wrappers.GenericWrappers.clickByXpath(GenericWrappers.java:590)
	at DemoBlazePages.DemoBlazeLoginPage.clickLoginButton(DemoBlazeLoginPage.java:39)
	at DemoBlazeTests.TC_002_DemoBlaze_Login_Test.logInTest(TC_002_DemoBlaze_Login_Test.java:38)
	at java.base/jdk.internal.reflect.NativeMethodAccessorImpl.invoke0(Native Method)
	at java.base/jdk.internal.reflect.NativeMethodAccessorImpl.invoke(NativeMethodAccessorImpl.java:77)
	at java.base/jdk.internal.reflect.DelegatingMethodAccessorImpl.invoke(DelegatingMethodAccessorImpl.java:43)
	at java.base/java.lang.reflect.Method.invoke(Method.java:568)
	at org.testng.internal.MethodInvocationHelper.invokeMethod(MethodInvocationHelper.java:133)
	at org.testng.internal.TestInvoker.invokeMethod(TestInvoker.java:598)
	at org.testng.internal.TestInvoker.invokeTestMethod(TestInvoker.java:173)
	at org.testng.internal.MethodRunner.runInSequence(MethodRunner.java:46)
	at org.testng.internal.TestInvoker$MethodInvocationAgent.invoke(TestInvoker.java:824)
	at org.testng.internal.TestInvoker.invokeTestMethods(TestInvoker.java:146)
	at org.testng.internal.TestMethodWorker.invokeTestMethods(TestMethodWorker.java:146)
	at org.testng.internal.TestMethodWorker.run(TestMethodWorker.java:128)
	at java.base/java.util.ArrayList.forEach(ArrayList.java:1511)
	at org.testng.TestRunner.privateRun(TestRunner.java:794)
	at org.testng.TestRunner.run(TestRunner.java:596)
	at org.testng.SuiteRunner.runTest(SuiteRunner.java:377)
	at org.testng.SuiteRunner.runSequentially(SuiteRunner.java:371)
	at org.testng.SuiteRunner.privateRun(SuiteRunner.java:332)
	at org.testng.SuiteRunner.run(SuiteRunner.java:276)
	at org.testng.SuiteRunnerWorker.runSuite(SuiteRunnerWorker.java:53)
	at org.testng.SuiteRunnerWorker.run(SuiteRunnerWorker.java:96)
	at org.testng.TestNG.runSuitesSequentially(TestNG.java:1212)
	at org.testng.TestNG.runSuitesLocally(TestNG.java:1134)
	at org.testng.TestNG.runSuites(TestNG.java:1063)
	at org.testng.TestNG.run(TestNG.java:1031)
	at org.testng.remote.AbstractRemoteTestNG.run(AbstractRemoteTestNG.java:115)
	at org.testng.remote.RemoteTestNG.initAndRun(RemoteTestNG.java:251)
	at org.testng.remote.RemoteTestNG.main(RemoteTestNG.java:77)

</div> <!-- stack-trace -->
                </div> <!-- method-content -->
              </div> <!-- method -->
              <div class="method">
                <div class="method-content">
                  <a name="logInTest(kk@mpk.com, Test1234, Welcome kk@mpk.com)">
                  </a> <!-- logInTest(kk@mpk.com, Test1234, Welcome kk@mpk.com) -->
                  <span class="method-name">logInTest</span>
                  <span class="parameters">(kk@mpk.com, Test1234, Welcome kk@mpk.com)</span>
                  <div class="stack-trace">java.lang.IllegalArgumentException: Cannot find elements when the XPath is null.
	at org.openqa.selenium.internal.Require$ArgumentChecker.nonNull(Require.java:207)
	at org.openqa.selenium.By$ByXPath.&lt;init&gt;(By.java:287)
	at org.openqa.selenium.By.xpath(By.java:89)
	at wrappers.GenericWrappers.clickByXpath(GenericWrappers.java:590)
	at DemoBlazePages.DemoBlazeLoginPage.clickLoginButton(DemoBlazeLoginPage.java:39)
	at DemoBlazeTests.TC_002_DemoBlaze_Login_Test.logInTest(TC_002_DemoBlaze_Login_Test.java:38)
	at java.base/jdk.internal.reflect.NativeMethodAccessorImpl.invoke0(Native Method)
	at java.base/jdk.internal.reflect.NativeMethodAccessorImpl.invoke(NativeMethodAccessorImpl.java:77)
	at java.base/jdk.internal.reflect.DelegatingMethodAccessorImpl.invoke(DelegatingMethodAccessorImpl.java:43)
	at java.base/java.lang.reflect.Method.invoke(Method.java:568)
	at org.testng.internal.MethodInvocationHelper.invokeMethod(MethodInvocationHelper.java:133)
	at org.testng.internal.TestInvoker.invokeMethod(TestInvoker.java:598)
	at org.testng.internal.TestInvoker.invokeTestMethod(TestInvoker.java:173)
	at org.testng.internal.MethodRunner.runInSequence(MethodRunner.java:46)
	at org.testng.internal.TestInvoker$MethodInvocationAgent.invoke(TestInvoker.java:824)
	at org.testng.internal.TestInvoker.invokeTestMethods(TestInvoker.java:146)
	at org.testng.internal.TestMethodWorker.invokeTestMethods(TestMethodWorker.java:146)
	at org.testng.internal.TestMethodWorker.run(TestMethodWorker.java:128)
	at java.base/java.util.ArrayList.forEach(ArrayList.java:1511)
	at org.testng.TestRunner.privateRun(TestRunner.java:794)
	at org.testng.TestRunner.run(TestRunner.java:596)
	at org.testng.SuiteRunner.runTest(SuiteRunner.java:377)
	at org.testng.SuiteRunner.runSequentially(SuiteRunner.java:371)
	at org.testng.SuiteRunner.privateRun(SuiteRunner.java:332)
	at org.testng.SuiteRunner.run(SuiteRunner.java:276)
	at org.testng.SuiteRunnerWorker.runSuite(SuiteRunnerWorker.java:53)
	at org.testng.SuiteRunnerWorker.run(SuiteRunnerWorker.java:96)
	at org.testng.TestNG.runSuitesSequentially(TestNG.java:1212)
	at org.testng.TestNG.runSuitesLocally(TestNG.java:1134)
	at org.testng.TestNG.runSuites(TestNG.java:1063)
	at org.testng.TestNG.run(TestNG.java:1031)
	at org.testng.remote.AbstractRemoteTestNG.run(AbstractRemoteTestNG.java:115)
	at org.testng.remote.RemoteTestNG.initAndRun(RemoteTestNG.java:251)
	at org.testng.remote.RemoteTestNG.main(RemoteTestNG.java:77)

</div> <!-- stack-trace -->
                </div> <!-- method-content -->
              </div> <!-- method -->
            </div> <!-- main-panel-content rounded-window-bottom -->
          </div> <!-- suite-Default_suite-class-failed -->
          <div class="suite-Default_suite-class-passed">
            <div class="main-panel-header rounded-window-top">
              <img src="passed.png"/>
              <span class="class-name">DemoBlazeTests.TC_001_DemoBlaze_Signup_Test</span>
            </div> <!-- main-panel-header rounded-window-top -->
            <div class="main-panel-content rounded-window-bottom">
              <div class="method">
                <div class="method-content">
                  <a name="signUpTest(kk@mpk.com, Test1234)">
                  </a> <!-- signUpTest(kk@mpk.com, Test1234) -->
                  <span class="method-name">signUpTest</span>
                  <span class="parameters">(kk@mpk.com, Test1234)</span>
                </div> <!-- method-content -->
              </div> <!-- method -->
              <div class="method">
                <div class="method-content">
                  <a name="signUpTest(hjr@rj.com, Test4546)">
                  </a> <!-- signUpTest(hjr@rj.com, Test4546) -->
                  <span class="method-name">signUpTest</span>
                  <span class="parameters">(hjr@rj.com, Test4546)</span>
                </div> <!-- method-content -->
              </div> <!-- method -->
            </div> <!-- main-panel-content rounded-window-bottom -->
          </div> <!-- suite-Default_suite-class-passed -->
          <div class="suite-Default_suite-class-passed">
            <div class="main-panel-header rounded-window-top">
              <img src="passed.png"/>
              <span class="class-name">DemoBlazeTests.TC_003_DemoBlaze_SignupRandom_Test</span>
            </div> <!-- main-panel-header rounded-window-top -->
            <div class="main-panel-content rounded-window-bottom">
              <div class="method">
                <div class="method-content">
                  <a name="signUpTest(Test1234)">
                  </a> <!-- signUpTest(Test1234) -->
                  <span class="method-name">signUpTest</span>
                  <span class="parameters">(Test1234)</span>
                </div> <!-- method-content -->
              </div> <!-- method -->
              <div class="method">
                <div class="method-content">
                  <a name="signUpTest(Test4546)">
                  </a> <!-- signUpTest(Test4546) -->
                  <span class="method-name">signUpTest</span>
                  <span class="parameters">(Test4546)</span>
                </div> <!-- method-content -->
              </div> <!-- method -->
            </div> <!-- main-panel-content rounded-window-bottom -->
          </div> <!-- suite-Default_suite-class-passed -->
          <div class="suite-Default_suite-class-passed">
            <div class="main-panel-header rounded-window-top">
              <img src="passed.png"/>
              <span class="class-name">DemoBlazeTests.TC_004_DemoBlaze_SendMSG_ContactUS</span>
            </div> <!-- main-panel-header rounded-window-top -->
            <div class="main-panel-content rounded-window-bottom">
              <div class="method">
                <div class="method-content">
                  <a name="SendContactMsg(hjr@rj.com, hari, message from customer -  send refund)">
                  </a> <!-- SendContactMsg(hjr@rj.com, hari, message from customer -  send refund) -->
                  <span class="method-name">SendContactMsg</span>
                  <span class="parameters">(hjr@rj.com, hari, message from customer -  send refund)</span>
                </div> <!-- method-content -->
              </div> <!-- method -->
              <div class="method">
                <div class="method-content">
                  <a name="SendContactMsg(kk@mpk.com, naresh, message from customer naresh)">
                  </a> <!-- SendContactMsg(kk@mpk.com, naresh, message from customer naresh) -->
                  <span class="method-name">SendContactMsg</span>
                  <span class="parameters">(kk@mpk.com, naresh, message from customer naresh)</span>
                </div> <!-- method-content -->
              </div> <!-- method -->
            </div> <!-- main-panel-content rounded-window-bottom -->
          </div> <!-- suite-Default_suite-class-passed -->
        </div> <!-- panel Default_suite -->
        <div panel-name="test-xml-Default_suite" class="panel">
          <div class="main-panel-header rounded-window-top">
            <span class="header-content">C:\Users\narin.LAPTOP-31URDJPT\AppData\Local\Temp\testng-eclipse--473494172\testng-customsuite.xml</span>
          </div> <!-- main-panel-header rounded-window-top -->
          <div class="main-panel-content rounded-window-bottom">
            <pre>
&lt;?xml version=&quot;1.0&quot; encoding=&quot;UTF-8&quot;?&gt;
&lt;!DOCTYPE suite SYSTEM &quot;https://testng.org/testng-1.0.dtd&quot;&gt;
&lt;suite name=&quot;Default suite&quot; guice-stage=&quot;DEVELOPMENT&quot;&gt;
  &lt;test thread-count=&quot;5&quot; name=&quot;Default test&quot; verbose=&quot;2&quot;&gt;
    &lt;classes&gt;
      &lt;class name=&quot;DemoBlazeTests.TC_003_DemoBlaze_SignupRandom_Test&quot;/&gt;
      &lt;class name=&quot;DemoBlazeTests.TC_001_DemoBlaze_Signup_Test&quot;/&gt;
      &lt;class name=&quot;DemoBlazeTests.TC_006_AddToCartandPurchase&quot;/&gt;
      &lt;class name=&quot;DemoBlazeTests.TC_002_DemoBlaze_Login_Test&quot;/&gt;
      &lt;class name=&quot;DemoBlazeTests.TC_005_AddToCartTest&quot;/&gt;
      &lt;class name=&quot;DemoBlazeTests.TC_004_DemoBlaze_SendMSG_ContactUS&quot;/&gt;
    &lt;/classes&gt;
  &lt;/test&gt; &lt;!-- Default test --&gt;
&lt;/suite&gt; &lt;!-- Default suite --&gt;
            </pre>
          </div> <!-- main-panel-content rounded-window-bottom -->
        </div> <!-- panel -->
        <div panel-name="testlist-Default_suite" class="panel">
          <div class="main-panel-header rounded-window-top">
            <span class="header-content">Tests for Default suite</span>
          </div> <!-- main-panel-header rounded-window-top -->
          <div class="main-panel-content rounded-window-bottom">
            <ul>
              <li>
                <span class="test-name">Default test (6 classes)</span>
              </li>
            </ul>
          </div> <!-- main-panel-content rounded-window-bottom -->
        </div> <!-- panel -->
        <div panel-name="group-Default_suite" class="panel">
          <div class="main-panel-header rounded-window-top">
            <span class="header-content">Groups for Default suite</span>
          </div> <!-- main-panel-header rounded-window-top -->
          <div class="main-panel-content rounded-window-bottom">
          </div> <!-- main-panel-content rounded-window-bottom -->
        </div> <!-- panel -->
        <div panel-name="times-Default_suite" class="panel">
          <div class="main-panel-header rounded-window-top">
            <span class="header-content">Times for Default suite</span>
          </div> <!-- main-panel-header rounded-window-top -->
          <div class="main-panel-content rounded-window-bottom">
            <div class="times-div">
              <script type="text/javascript">
suiteTableInitFunctions.push('tableData_Default_suite');
function tableData_Default_suite() {
var data = new google.visualization.DataTable();
data.addColumn('number', 'Number');
data.addColumn('string', 'Method');
data.addColumn('string', 'Class');
data.addColumn('number', 'Time (ms)');
data.addRows(10);
data.setCell(0, 0, 0)
data.setCell(0, 1, 'addToCartTest')
data.setCell(0, 2, 'DemoBlazeTests.TC_006_AddToCartandPurchase')
data.setCell(0, 3, 17904);
data.setCell(1, 0, 1)
data.setCell(1, 1, 'addToCartTest')
data.setCell(1, 2, 'DemoBlazeTests.TC_005_AddToCartTest')
data.setCell(1, 3, 17858);
data.setCell(2, 0, 2)
data.setCell(2, 1, 'SendContactMsg')
data.setCell(2, 2, 'DemoBlazeTests.TC_004_DemoBlaze_SendMSG_ContactUS')
data.setCell(2, 3, 12958);
data.setCell(3, 0, 3)
data.setCell(3, 1, 'SendContactMsg')
data.setCell(3, 2, 'DemoBlazeTests.TC_004_DemoBlaze_SendMSG_ContactUS')
data.setCell(3, 3, 12909);
data.setCell(4, 0, 4)
data.setCell(4, 1, 'logInTest')
data.setCell(4, 2, 'DemoBlazeTests.TC_002_DemoBlaze_Login_Test')
data.setCell(4, 3, 10261);
data.setCell(5, 0, 5)
data.setCell(5, 1, 'logInTest')
data.setCell(5, 2, 'DemoBlazeTests.TC_002_DemoBlaze_Login_Test')
data.setCell(5, 3, 10252);
data.setCell(6, 0, 6)
data.setCell(6, 1, 'signUpTest')
data.setCell(6, 2, 'DemoBlazeTests.TC_003_DemoBlaze_SignupRandom_Test')
data.setCell(6, 3, 1590);
data.setCell(7, 0, 7)
data.setCell(7, 1, 'signUpTest')
data.setCell(7, 2, 'DemoBlazeTests.TC_001_DemoBlaze_Signup_Test')
data.setCell(7, 3, 1569);
data.setCell(8, 0, 8)
data.setCell(8, 1, 'signUpTest')
data.setCell(8, 2, 'DemoBlazeTests.TC_001_DemoBlaze_Signup_Test')
data.setCell(8, 3, 1540);
data.setCell(9, 0, 9)
data.setCell(9, 1, 'signUpTest')
data.setCell(9, 2, 'DemoBlazeTests.TC_003_DemoBlaze_SignupRandom_Test')
data.setCell(9, 3, 1512);
window.suiteTableData['Default_suite']= { tableData: data, tableDiv: 'times-div-Default_suite'}
return data;
}
              </script>
              <span class="suite-total-time">Total running time: 1 minutes</span>
              <div id="times-div-Default_suite">
              </div> <!-- times-div-Default_suite -->
            </div> <!-- times-div -->
          </div> <!-- main-panel-content rounded-window-bottom -->
        </div> <!-- panel -->
        <div panel-name="reporter-Default_suite" class="panel">
          <div class="main-panel-header rounded-window-top">
            <span class="header-content">Reporter output for Default suite</span>
          </div> <!-- main-panel-header rounded-window-top -->
          <div class="main-panel-content rounded-window-bottom">
          </div> <!-- main-panel-content rounded-window-bottom -->
        </div> <!-- panel -->
        <div panel-name="ignored-methods-Default_suite" class="panel">
          <div class="main-panel-header rounded-window-top">
            <span class="header-content">20 ignored methods</span>
          </div> <!-- main-panel-header rounded-window-top -->
          <div class="main-panel-content rounded-window-bottom">
            <div class="ignored-class-div">
              <span class="ignored-class-name">DemoBlazeTests.TC_006_AddToCartandPurchase</span>
              <div class="ignored-methods-div">
                <span class="ignored-method-name">afterSuite</span>
                <br/>
                <span class="ignored-method-name">beforeTest</span>
                <br/>
                <span class="ignored-method-name">afterTest</span>
                <br/>
                <span class="ignored-method-name">beforeSuite</span>
                <br/>
              </div> <!-- ignored-methods-div -->
            </div> <!-- ignored-class-div -->
            <div class="ignored-class-div">
              <span class="ignored-class-name">DemoBlazeTests.TC_001_DemoBlaze_Signup_Test</span>
              <div class="ignored-methods-div">
                <span class="ignored-method-name">afterSuite</span>
                <br/>
                <span class="ignored-method-name">beforeTest</span>
                <br/>
                <span class="ignored-method-name">afterTest</span>
                <br/>
                <span class="ignored-method-name">beforeSuite</span>
                <br/>
              </div> <!-- ignored-methods-div -->
            </div> <!-- ignored-class-div -->
            <div class="ignored-class-div">
              <span class="ignored-class-name">DemoBlazeTests.TC_004_DemoBlaze_SendMSG_ContactUS</span>
              <div class="ignored-methods-div">
                <span class="ignored-method-name">afterSuite</span>
                <br/>
                <span class="ignored-method-name">beforeTest</span>
                <br/>
                <span class="ignored-method-name">afterTest</span>
                <br/>
                <span class="ignored-method-name">beforeSuite</span>
                <br/>
              </div> <!-- ignored-methods-div -->
            </div> <!-- ignored-class-div -->
            <div class="ignored-class-div">
              <span class="ignored-class-name">DemoBlazeTests.TC_005_AddToCartTest</span>
              <div class="ignored-methods-div">
                <span class="ignored-method-name">afterSuite</span>
                <br/>
                <span class="ignored-method-name">beforeTest</span>
                <br/>
                <span class="ignored-method-name">afterTest</span>
                <br/>
                <span class="ignored-method-name">beforeSuite</span>
                <br/>
              </div> <!-- ignored-methods-div -->
            </div> <!-- ignored-class-div -->
            <div class="ignored-class-div">
              <span class="ignored-class-name">DemoBlazeTests.TC_002_DemoBlaze_Login_Test</span>
              <div class="ignored-methods-div">
                <span class="ignored-method-name">afterSuite</span>
                <br/>
                <span class="ignored-method-name">beforeTest</span>
                <br/>
                <span class="ignored-method-name">afterTest</span>
                <br/>
                <span class="ignored-method-name">beforeSuite</span>
                <br/>
              </div> <!-- ignored-methods-div -->
            </div> <!-- ignored-class-div -->
          </div> <!-- main-panel-content rounded-window-bottom -->
        </div> <!-- panel -->
        <div panel-name="chronological-Default_suite" class="panel">
          <div class="main-panel-header rounded-window-top">
            <span class="header-content">Methods in chronological order</span>
          </div> <!-- main-panel-header rounded-window-top -->
          <div class="main-panel-content rounded-window-bottom">
            <div class="chronological-class">
              <div class="chronological-class-name">DemoBlazeTests.TC_003_DemoBlaze_SignupRandom_Test</div> <!-- chronological-class-name -->
              <div class="configuration-suite before">
                <span class="method-name">beforeSuite</span>
                <span class="method-start">0 ms</span>
              </div> <!-- configuration-suite before -->
              <div class="configuration-test before">
                <span class="method-name">beforeTest</span>
                <span class="method-start">119 ms</span>
              </div> <!-- configuration-test before -->
              <div class="configuration-class before">
                <span class="method-name">setConditions</span>
                <span class="method-start">136 ms</span>
              </div> <!-- configuration-class before -->
              <div class="configuration-method before">
                <span class="method-name">beforeMethod</span>
                <span class="method-start">557 ms</span>
              </div> <!-- configuration-method before -->
              <div class="test-method">
                <span class="method-name">signUpTest(Test1234)</span>
                <span class="method-start">2827 ms</span>
              </div> <!-- test-method -->
              <div class="configuration-method after">
                <span class="method-name">afterMethod</span>
                <span class="method-start">4342 ms</span>
              </div> <!-- configuration-method after -->
              <div class="configuration-method before">
                <span class="method-name">beforeMethod</span>
                <span class="method-start">4537 ms</span>
              </div> <!-- configuration-method before -->
              <div class="test-method">
                <span class="method-name">signUpTest(Test4546)</span>
                <span class="method-start">6019 ms</span>
              </div> <!-- test-method -->
              <div class="configuration-method after">
                <span class="method-name">afterMethod</span>
                <span class="method-start">7610 ms</span>
              </div> <!-- configuration-method after -->
              <div class="configuration-class after">
                <span class="method-name">afterClass</span>
                <span class="method-start">7789 ms</span>
              </div> <!-- configuration-class after -->
            </div> <!-- chronological-class -->
            <div class="chronological-class">
              <div class="chronological-class-name">DemoBlazeTests.TC_001_DemoBlaze_Signup_Test</div> <!-- chronological-class-name -->
              <div class="configuration-class before">
                <span class="method-name">setConditions</span>
                <span class="method-start">7792 ms</span>
              </div> <!-- configuration-class before -->
              <div class="configuration-method before">
                <span class="method-name">beforeMethod</span>
                <span class="method-start">7827 ms</span>
              </div> <!-- configuration-method before -->
              <div class="test-method">
                <span class="method-name">signUpTest(kk@mpk.com, Test1234)</span>
                <span class="method-start">9264 ms</span>
              </div> <!-- test-method -->
              <div class="configuration-method after">
                <span class="method-name">afterMethod</span>
                <span class="method-start">10805 ms</span>
              </div> <!-- configuration-method after -->
              <div class="configuration-method before">
                <span class="method-name">beforeMethod</span>
                <span class="method-start">10984 ms</span>
              </div> <!-- configuration-method before -->
              <div class="test-method">
                <span class="method-name">signUpTest(hjr@rj.com, Test4546)</span>
                <span class="method-start">12520 ms</span>
              </div> <!-- test-method -->
              <div class="configuration-method after">
                <span class="method-name">afterMethod</span>
                <span class="method-start">14090 ms</span>
              </div> <!-- configuration-method after -->
              <div class="configuration-class after">
                <span class="method-name">afterClass</span>
                <span class="method-start">14260 ms</span>
              </div> <!-- configuration-class after -->
            </div> <!-- chronological-class -->
            <div class="chronological-class">
              <div class="chronological-class-name">DemoBlazeTests.TC_006_AddToCartandPurchase</div> <!-- chronological-class-name -->
              <div class="configuration-class before">
                <span class="method-name">setConditions</span>
                <span class="method-start">14261 ms</span>
              </div> <!-- configuration-class before -->
              <div class="configuration-method before">
                <span class="method-name">beforeMethod</span>
                <span class="method-start">14295 ms</span>
              </div> <!-- configuration-method before -->
              <div class="test-method">
                <img src="failed.png">
                </img>
                <span class="method-name">addToCartTest(ASUS Full HD, $230 *includes tax, Product added., ASUS Full HD, Place order, Naresh Gupta, USA, Bost...)</span>
                <span class="method-start">15806 ms</span>
              </div> <!-- test-method -->
              <div class="configuration-method after">
                <span class="method-name">afterMethod</span>
                <span class="method-start">33711 ms</span>
              </div> <!-- configuration-method after -->
            </div> <!-- chronological-class -->
            <div class="chronological-class">
              <div class="chronological-class-name">DemoBlazeTests.TC_002_DemoBlaze_Login_Test</div> <!-- chronological-class-name -->
              <div class="configuration-class before">
                <span class="method-name">setConditions</span>
                <span class="method-start">33899 ms</span>
              </div> <!-- configuration-class before -->
            </div> <!-- chronological-class -->
            <div class="chronological-class">
              <div class="chronological-class-name">DemoBlazeTests.TC_006_AddToCartandPurchase</div> <!-- chronological-class-name -->
              <div class="configuration-class after">
                <span class="method-name">afterClass</span>
                <span class="method-start">33899 ms</span>
              </div> <!-- configuration-class after -->
            </div> <!-- chronological-class -->
            <div class="chronological-class">
              <div class="chronological-class-name">DemoBlazeTests.TC_002_DemoBlaze_Login_Test</div> <!-- chronological-class-name -->
              <div class="configuration-method before">
                <span class="method-name">beforeMethod</span>
                <span class="method-start">33915 ms</span>
              </div> <!-- configuration-method before -->
              <div class="test-method">
                <img src="failed.png">
                </img>
                <span class="method-name">logInTest(kk@mpk.com, Test1234, Welcome kk@mpk.com)</span>
                <span class="method-start">35406 ms</span>
              </div> <!-- test-method -->
              <div class="configuration-method after">
                <span class="method-name">afterMethod</span>
                <span class="method-start">45671 ms</span>
              </div> <!-- configuration-method after -->
              <div class="configuration-method before">
                <span class="method-name">beforeMethod</span>
                <span class="method-start">45852 ms</span>
              </div> <!-- configuration-method before -->
              <div class="test-method">
                <img src="failed.png">
                </img>
                <span class="method-name">logInTest(hjr@rj.com, Test4546, Welcome hjr@rj.com)</span>
                <span class="method-start">47298 ms</span>
              </div> <!-- test-method -->
              <div class="configuration-method after">
                <span class="method-name">afterMethod</span>
                <span class="method-start">57550 ms</span>
              </div> <!-- configuration-method after -->
              <div class="configuration-class after">
                <span class="method-name">afterClass</span>
                <span class="method-start">57746 ms</span>
              </div> <!-- configuration-class after -->
            </div> <!-- chronological-class -->
            <div class="chronological-class">
              <div class="chronological-class-name">DemoBlazeTests.TC_005_AddToCartTest</div> <!-- chronological-class-name -->
              <div class="configuration-class before">
                <span class="method-name">setConditions</span>
                <span class="method-start">57746 ms</span>
              </div> <!-- configuration-class before -->
              <div class="configuration-method before">
                <span class="method-name">beforeMethod</span>
                <span class="method-start">57762 ms</span>
              </div> <!-- configuration-method before -->
              <div class="test-method">
                <img src="failed.png">
                </img>
                <span class="method-name">addToCartTest(ASUS Full HD, $230 *includes tax, Product added.)</span>
                <span class="method-start">59281 ms</span>
              </div> <!-- test-method -->
              <div class="configuration-method after">
                <span class="method-name">afterMethod</span>
                <span class="method-start">77139 ms</span>
              </div> <!-- configuration-method after -->
              <div class="configuration-class after">
                <span class="method-name">afterClass</span>
                <span class="method-start">77356 ms</span>
              </div> <!-- configuration-class after -->
            </div> <!-- chronological-class -->
            <div class="chronological-class">
              <div class="chronological-class-name">DemoBlazeTests.TC_004_DemoBlaze_SendMSG_ContactUS</div> <!-- chronological-class-name -->
              <div class="configuration-class before">
                <span class="method-name">setConditions</span>
                <span class="method-start">77356 ms</span>
              </div> <!-- configuration-class before -->
              <div class="configuration-method before">
                <span class="method-name">beforeMethod</span>
                <span class="method-start">77372 ms</span>
              </div> <!-- configuration-method before -->
              <div class="test-method">
                <span class="method-name">SendContactMsg(kk@mpk.com, naresh, message from customer naresh)</span>
                <span class="method-start">78770 ms</span>
              </div> <!-- test-method -->
              <div class="configuration-method after">
                <span class="method-name">afterMethod</span>
                <span class="method-start">91729 ms</span>
              </div> <!-- configuration-method after -->
              <div class="configuration-method before">
                <span class="method-name">beforeMethod</span>
                <span class="method-start">91924 ms</span>
              </div> <!-- configuration-method before -->
              <div class="test-method">
                <span class="method-name">SendContactMsg(hjr@rj.com, hari, message from customer -  send refund)</span>
                <span class="method-start">93474 ms</span>
              </div> <!-- test-method -->
              <div class="configuration-method after">
                <span class="method-name">afterMethod</span>
                <span class="method-start">106384 ms</span>
              </div> <!-- configuration-method after -->
            </div> <!-- chronological-class -->
            <div class="chronological-class">
              <div class="chronological-class-name">DemoBlazeTests.TC_003_DemoBlaze_SignupRandom_Test</div> <!-- chronological-class-name -->
              <div class="configuration-test after">
                <span class="method-name">afterTest</span>
                <span class="method-start">106570 ms</span>
              </div> <!-- configuration-test after -->
            </div> <!-- chronological-class -->
            <div class="chronological-class">
              <div class="chronological-class-name">DemoBlazeTests.TC_004_DemoBlaze_SendMSG_ContactUS</div> <!-- chronological-class-name -->
              <div class="configuration-class after">
                <span class="method-name">afterClass</span>
                <span class="method-start">106570 ms</span>
              </div> <!-- configuration-class after -->
            </div> <!-- chronological-class -->
            <div class="chronological-class">
              <div class="chronological-class-name">DemoBlazeTests.TC_003_DemoBlaze_SignupRandom_Test</div> <!-- chronological-class-name -->
              <div class="configuration-suite after">
                <span class="method-name">afterSuite</span>
                <span class="method-start">106617 ms</span>
              </div> <!-- configuration-suite after -->
          </div> <!-- main-panel-content rounded-window-bottom -->
        </div> <!-- panel -->
      </div> <!-- main-panel-root -->
    </div> <!-- wrapper -->
  </body>
<script type="text/javascript" src="testng-reports2.js"></script>
</html>
