<?xml version="1.0" encoding="UTF-8"?>
<testng-results ignored="0" total="2" passed="0" failed="2" skipped="0">
  <reporter-output>
  </reporter-output>
  <suite started-at="2023-08-14T23:33:11 EDT" name="Default suite" finished-at="2023-08-14T23:33:30 EDT" duration-ms="18867">
    <groups>
    </groups>
    <test started-at="2023-08-14T23:33:11 EDT" name="Default test" finished-at="2023-08-14T23:33:30 EDT" duration-ms="18867">
      <class name="DemoBlazeTests.TC_002_DemoBlaze_Login_Test">
        <test-method is-config="true" signature="beforeSuite()[pri:0, instance:DemoBlazeTests.TC_002_DemoBlaze_Login_Test@fbd1f6]" started-at="2023-08-14T23:33:11 EDT" name="beforeSuite" finished-at="2023-08-14T23:33:11 EDT" duration-ms="139" status="PASS">
          <reporter-output>
          </reporter-output>
        </test-method> <!-- beforeSuite -->
        <test-method is-config="true" signature="beforeTest()[pri:0, instance:DemoBlazeTests.TC_002_DemoBlaze_Login_Test@fbd1f6]" started-at="2023-08-14T23:33:11 EDT" name="beforeTest" finished-at="2023-08-14T23:33:11 EDT" duration-ms="1" status="PASS">
          <reporter-output>
          </reporter-output>
        </test-method> <!-- beforeTest -->
        <test-method is-config="true" signature="setConditions()[pri:0, instance:DemoBlazeTests.TC_002_DemoBlaze_Login_Test@fbd1f6]" started-at="2023-08-14T23:33:11 EDT" name="setConditions" finished-at="2023-08-14T23:33:11 EDT" duration-ms="0" status="PASS">
          <reporter-output>
          </reporter-output>
        </test-method> <!-- setConditions -->
        <test-method is-config="true" signature="beforeMethod()[pri:0, instance:DemoBlazeTests.TC_002_DemoBlaze_Login_Test@fbd1f6]" started-at="2023-08-14T23:33:11 EDT" name="beforeMethod" finished-at="2023-08-14T23:33:14 EDT" duration-ms="2445" status="PASS">
          <reporter-output>
          </reporter-output>
        </test-method> <!-- beforeMethod -->
        <test-method signature="logInTest(java.lang.String,java.lang.String)[pri:0, instance:DemoBlazeTests.TC_002_DemoBlaze_Login_Test@fbd1f6]" started-at="2023-08-14T23:33:14 EDT" name="logInTest" data-provider="fetchData" finished-at="2023-08-14T23:33:21 EDT" duration-ms="7035" status="FAIL">
          <params>
            <param index="0">
              <value>
                <![CDATA[rk@pk.com]]>
              </value>
            </param>
            <param index="1">
              <value>
                <![CDATA[Test1234]]>
              </value>
            </param>
          </params>
          <exception class="java.lang.IllegalArgumentException">
            <message>
              <![CDATA[Cannot find elements when the XPath is null.]]>
            </message>
            <full-stacktrace>
              <![CDATA[java.lang.IllegalArgumentException: Cannot find elements when the XPath is null.
at org.openqa.selenium.internal.Require$ArgumentChecker.nonNull(Require.java:207)
at org.openqa.selenium.By$ByXPath.<init>(By.java:287)
at org.openqa.selenium.By.xpath(By.java:89)
at wrappers.GenericWrappers.enterByXpath(GenericWrappers.java:210)
at DemoBlazePages.DemoBlazeStorePage.enterLoginPassWord(DemoBlazeStorePage.java:54)
at DemoBlazeTests.TC_002_DemoBlaze_Login_Test.logInTest(TC_002_DemoBlaze_Login_Test.java:36)
at java.base/jdk.internal.reflect.NativeMethodAccessorImpl.invoke0(Native Method)
at java.base/jdk.internal.reflect.NativeMethodAccessorImpl.invoke(NativeMethodAccessorImpl.java:77)
at java.base/jdk.internal.reflect.DelegatingMethodAccessorImpl.invoke(DelegatingMethodAccessorImpl.java:43)
at java.base/java.lang.reflect.Method.invoke(Method.java:568)
at org.testng.internal.MethodInvocationHelper.invokeMethod(MethodInvocationHelper.java:133)
at org.testng.internal.TestInvoker.invokeMethod(TestInvoker.java:598)
at org.testng.internal.TestInvoker.invokeTestMethod(TestInvoker.java:173)
at org.testng.internal.MethodRunner.runInSequence(MethodRunner.java:46)
at org.testng.internal.TestInvoker$MethodInvocationAgent.invoke(TestInvoker.java:824)
at org.testng.internal.TestInvoker.invokeTestMethods(TestInvoker.java:146)
at org.testng.internal.TestMethodWorker.invokeTestMethods(TestMethodWorker.java:146)
at org.testng.internal.TestMethodWorker.run(TestMethodWorker.java:128)
at java.base/java.util.ArrayList.forEach(ArrayList.java:1511)
at org.testng.TestRunner.privateRun(TestRunner.java:794)
at org.testng.TestRunner.run(TestRunner.java:596)
at org.testng.SuiteRunner.runTest(SuiteRunner.java:377)
at org.testng.SuiteRunner.runSequentially(SuiteRunner.java:371)
at org.testng.SuiteRunner.privateRun(SuiteRunner.java:332)
at org.testng.SuiteRunner.run(SuiteRunner.java:276)
at org.testng.SuiteRunnerWorker.runSuite(SuiteRunnerWorker.java:53)
at org.testng.SuiteRunnerWorker.run(SuiteRunnerWorker.java:96)
at org.testng.TestNG.runSuitesSequentially(TestNG.java:1212)
at org.testng.TestNG.runSuitesLocally(TestNG.java:1134)
at org.testng.TestNG.runSuites(TestNG.java:1063)
at org.testng.TestNG.run(TestNG.java:1031)
at org.testng.remote.AbstractRemoteTestNG.run(AbstractRemoteTestNG.java:115)
at org.testng.remote.RemoteTestNG.initAndRun(RemoteTestNG.java:251)
at org.testng.remote.RemoteTestNG.main(RemoteTestNG.java:77)
]]>
            </full-stacktrace>
          </exception> <!-- java.lang.IllegalArgumentException -->
          <reporter-output>
          </reporter-output>
        </test-method> <!-- logInTest -->
        <test-method is-config="true" signature="afterMethod()[pri:0, instance:DemoBlazeTests.TC_002_DemoBlaze_Login_Test@fbd1f6]" started-at="2023-08-14T23:33:21 EDT" name="afterMethod" finished-at="2023-08-14T23:33:21 EDT" duration-ms="190" status="PASS">
          <reporter-output>
          </reporter-output>
        </test-method> <!-- afterMethod -->
        <test-method is-config="true" signature="beforeMethod()[pri:0, instance:DemoBlazeTests.TC_002_DemoBlaze_Login_Test@fbd1f6]" started-at="2023-08-14T23:33:21 EDT" name="beforeMethod" finished-at="2023-08-14T23:33:23 EDT" duration-ms="1646" status="PASS">
          <reporter-output>
          </reporter-output>
        </test-method> <!-- beforeMethod -->
        <test-method signature="logInTest(java.lang.String,java.lang.String)[pri:0, instance:DemoBlazeTests.TC_002_DemoBlaze_Login_Test@fbd1f6]" started-at="2023-08-14T23:33:23 EDT" name="logInTest" data-provider="fetchData" finished-at="2023-08-14T23:33:30 EDT" duration-ms="6974" status="FAIL">
          <params>
            <param index="0">
              <value>
                <![CDATA[Rrp@nk.com]]>
              </value>
            </param>
            <param index="1">
              <value>
                <![CDATA[Test4567]]>
              </value>
            </param>
          </params>
          <exception class="java.lang.IllegalArgumentException">
            <message>
              <![CDATA[Cannot find elements when the XPath is null.]]>
            </message>
            <full-stacktrace>
              <![CDATA[java.lang.IllegalArgumentException: Cannot find elements when the XPath is null.
at org.openqa.selenium.internal.Require$ArgumentChecker.nonNull(Require.java:207)
at org.openqa.selenium.By$ByXPath.<init>(By.java:287)
at org.openqa.selenium.By.xpath(By.java:89)
at wrappers.GenericWrappers.enterByXpath(GenericWrappers.java:210)
at DemoBlazePages.DemoBlazeStorePage.enterLoginPassWord(DemoBlazeStorePage.java:54)
at DemoBlazeTests.TC_002_DemoBlaze_Login_Test.logInTest(TC_002_DemoBlaze_Login_Test.java:36)
at java.base/jdk.internal.reflect.NativeMethodAccessorImpl.invoke0(Native Method)
at java.base/jdk.internal.reflect.NativeMethodAccessorImpl.invoke(NativeMethodAccessorImpl.java:77)
at java.base/jdk.internal.reflect.DelegatingMethodAccessorImpl.invoke(DelegatingMethodAccessorImpl.java:43)
at java.base/java.lang.reflect.Method.invoke(Method.java:568)
at org.testng.internal.MethodInvocationHelper.invokeMethod(MethodInvocationHelper.java:133)
at org.testng.internal.TestInvoker.invokeMethod(TestInvoker.java:598)
at org.testng.internal.TestInvoker.invokeTestMethod(TestInvoker.java:173)
at org.testng.internal.MethodRunner.runInSequence(MethodRunner.java:46)
at org.testng.internal.TestInvoker$MethodInvocationAgent.invoke(TestInvoker.java:824)
at org.testng.internal.TestInvoker.invokeTestMethods(TestInvoker.java:146)
at org.testng.internal.TestMethodWorker.invokeTestMethods(TestMethodWorker.java:146)
at org.testng.internal.TestMethodWorker.run(TestMethodWorker.java:128)
at java.base/java.util.ArrayList.forEach(ArrayList.java:1511)
at org.testng.TestRunner.privateRun(TestRunner.java:794)
at org.testng.TestRunner.run(TestRunner.java:596)
at org.testng.SuiteRunner.runTest(SuiteRunner.java:377)
at org.testng.SuiteRunner.runSequentially(SuiteRunner.java:371)
at org.testng.SuiteRunner.privateRun(SuiteRunner.java:332)
at org.testng.SuiteRunner.run(SuiteRunner.java:276)
at org.testng.SuiteRunnerWorker.runSuite(SuiteRunnerWorker.java:53)
at org.testng.SuiteRunnerWorker.run(SuiteRunnerWorker.java:96)
at org.testng.TestNG.runSuitesSequentially(TestNG.java:1212)
at org.testng.TestNG.runSuitesLocally(TestNG.java:1134)
at org.testng.TestNG.runSuites(TestNG.java:1063)
at org.testng.TestNG.run(TestNG.java:1031)
at org.testng.remote.AbstractRemoteTestNG.run(AbstractRemoteTestNG.java:115)
at org.testng.remote.RemoteTestNG.initAndRun(RemoteTestNG.java:251)
at org.testng.remote.RemoteTestNG.main(RemoteTestNG.java:77)
]]>
            </full-stacktrace>
          </exception> <!-- java.lang.IllegalArgumentException -->
          <reporter-output>
          </reporter-output>
        </test-method> <!-- logInTest -->
        <test-method is-config="true" signature="afterMethod()[pri:0, instance:DemoBlazeTests.TC_002_DemoBlaze_Login_Test@fbd1f6]" started-at="2023-08-14T23:33:30 EDT" name="afterMethod" finished-at="2023-08-14T23:33:30 EDT" duration-ms="167" status="PASS">
          <reporter-output>
          </reporter-output>
        </test-method> <!-- afterMethod -->
        <test-method is-config="true" signature="afterClass()[pri:0, instance:DemoBlazeTests.TC_002_DemoBlaze_Login_Test@fbd1f6]" started-at="2023-08-14T23:33:30 EDT" name="afterClass" finished-at="2023-08-14T23:33:30 EDT" duration-ms="2" status="PASS">
          <reporter-output>
          </reporter-output>
        </test-method> <!-- afterClass -->
        <test-method is-config="true" signature="afterTest()[pri:0, instance:DemoBlazeTests.TC_002_DemoBlaze_Login_Test@fbd1f6]" started-at="2023-08-14T23:33:30 EDT" name="afterTest" finished-at="2023-08-14T23:33:30 EDT" duration-ms="0" status="PASS">
          <reporter-output>
          </reporter-output>
        </test-method> <!-- afterTest -->
        <test-method is-config="true" signature="afterSuite()[pri:0, instance:DemoBlazeTests.TC_002_DemoBlaze_Login_Test@fbd1f6]" started-at="2023-08-14T23:33:30 EDT" name="afterSuite" finished-at="2023-08-14T23:33:30 EDT" duration-ms="230" status="PASS">
          <reporter-output>
          </reporter-output>
        </test-method> <!-- afterSuite -->
      </class> <!-- DemoBlazeTests.TC_002_DemoBlaze_Login_Test -->
    </test> <!-- Default test -->
  </suite> <!-- Default suite -->
</testng-results>
